<?xml version="1.0" encoding="UTF-8"?>
<testsuite name="com.neueda.web.rest_api.RestApiApplicationTests" tests="1" skipped="0" failures="0" errors="0" timestamp="2024-12-16T17:10:27" hostname="Daniels-MacBook-Air-2.local" time="0.499">
  <properties/>
  <testcase name="contextLoads()" classname="com.neueda.web.rest_api.RestApiApplicationTests" time="0.499"/>
  <system-out><![CDATA[17:10:27.167 [Test worker] INFO org.springframework.test.context.support.AnnotationConfigContextLoaderUtils -- Could not detect default configuration classes for test class [com.neueda.web.rest_api.RestApiApplicationTests]: RestApiApplicationTests does not declare any static, non-private, non-final, nested classes annotated with @Configuration.
17:10:27.232 [Test worker] INFO org.springframework.boot.test.context.SpringBootTestContextBootstrapper -- Found @SpringBootConfiguration com.neueda.web.rest_api.RestApiApplication for test class com.neueda.web.rest_api.RestApiApplicationTests

  .   ____          _            __ _ _
 /\\ / ___'_ __ _ _(_)_ __  __ _ \ \ \ \
( ( )\___ | '_ | '_| | '_ \/ _` | \ \ \ \
 \\/  ___)| |_)| | | | | || (_| |  ) ) ) )
  '  |____| .__|_| |_|_| |_\__, | / / / /
 =========|_|==============|___/=/_/_/_/

 :: Spring Boot ::                (v3.4.0)

2024-12-16T17:10:27.429Z  INFO 9669 --- [rest-api] [    Test worker] c.n.w.rest_api.RestApiApplicationTests   : Starting RestApiApplicationTests using Java 21.0.5 with PID 9669 (started by danieldevlin in /Users/danieldevlin/Downloads/rest-api)
2024-12-16T17:10:27.429Z  INFO 9669 --- [rest-api] [    Test worker] c.n.w.rest_api.RestApiApplicationTests   : No active profile set, falling back to 1 default profile: "default"
2024-12-16T17:10:27.981Z  INFO 9669 --- [rest-api] [    Test worker] c.n.w.rest_api.RestApiApplicationTests   : Started RestApiApplicationTests in 0.676 seconds (process running for 1.317)
]]></system-out>
  <system-err><![CDATA[Mockito is currently self-attaching to enable the inline-mock-maker. This will no longer work in future releases of the JDK. Please add Mockito as an agent to your build what is described in Mockito's documentation: https://javadoc.io/doc/org.mockito/mockito-core/latest/org/mockito/Mockito.html#0.3
WARNING: A Java agent has been loaded dynamically (/Users/danieldevlin/.gradle/caches/modules-2/files-2.1/net.bytebuddy/byte-buddy-agent/1.15.10/e8eb255b2c378b9a6c7341e7b0e12f0a5636377/byte-buddy-agent-1.15.10.jar)
WARNING: If a serviceability tool is in use, please run with -XX:+EnableDynamicAgentLoading to hide this warning
WARNING: If a serviceability tool is not in use, please run with -Djdk.instrument.traceUsage for more information
WARNING: Dynamic loading of agents will be disallowed by default in a future release
]]></system-err>
</testsuite>
